[debug] [2023-07-14T20:04:22.501Z] ----------------------------------------------------------------------
[debug] [2023-07-14T20:04:22.502Z] Command:       C:\Program Files\nodejs\node.exe C:\Users\fzhim\AppData\Roaming\npm\node_modules\firebase-tools\lib\bin\firebase.js functions:shell
[debug] [2023-07-14T20:04:22.503Z] CLI Version:   12.4.4
[debug] [2023-07-14T20:04:22.503Z] Platform:      win32
[debug] [2023-07-14T20:04:22.503Z] Node Version:  v18.16.1
[debug] [2023-07-14T20:04:22.504Z] Time:          Fri Jul 14 2023 16:04:22 GMT-0400 (Eastern Daylight Saving Time)
[debug] [2023-07-14T20:04:22.504Z] ----------------------------------------------------------------------
[debug] 
[debug] [2023-07-14T20:04:22.566Z] > command requires scopes: ["email","openid","https://www.googleapis.com/auth/cloudplatformprojects.readonly","https://www.googleapis.com/auth/firebase","https://www.googleapis.com/auth/cloud-platform"]
[debug] [2023-07-14T20:04:22.567Z] > authorizing via signed-in user (spaceshare2023@gmail.com)
[debug] [2023-07-14T20:04:22.567Z] [iam] checking project spaceshare-244fe for permissions ["firebase.projects.get"]
[debug] [2023-07-14T20:04:22.570Z] >>> [apiv2][query] POST https://cloudresourcemanager.googleapis.com/v1/projects/spaceshare-244fe:testIamPermissions [none]
[debug] [2023-07-14T20:04:22.570Z] >>> [apiv2][(partial)header] POST https://cloudresourcemanager.googleapis.com/v1/projects/spaceshare-244fe:testIamPermissions x-goog-quota-user=projects/spaceshare-244fe
[debug] [2023-07-14T20:04:22.570Z] >>> [apiv2][body] POST https://cloudresourcemanager.googleapis.com/v1/projects/spaceshare-244fe:testIamPermissions {"permissions":["firebase.projects.get"]}
[debug] [2023-07-14T20:04:22.863Z] <<< [apiv2][status] POST https://cloudresourcemanager.googleapis.com/v1/projects/spaceshare-244fe:testIamPermissions 200
[debug] [2023-07-14T20:04:22.864Z] <<< [apiv2][body] POST https://cloudresourcemanager.googleapis.com/v1/projects/spaceshare-244fe:testIamPermissions {"permissions":["firebase.projects.get"]}
[debug] [2023-07-14T20:04:22.867Z] [functions] Functions Emulator only supports listening on one address (127.0.0.1). Not listening on ::1
[debug] [2023-07-14T20:04:22.869Z] defaultcredentials: writing to file C:\Users\fzhim\AppData\Roaming\firebase\spaceshare2023_gmail_com_application_default_credentials.json
[debug] [2023-07-14T20:04:22.870Z] DEBUG: Setting GAC to C:\Users\fzhim\AppData\Roaming\firebase\spaceshare2023_gmail_com_application_default_credentials.json
[debug] [2023-07-14T20:04:22.870Z] >>> [apiv2][query] GET https://firebase.googleapis.com/v1beta1/projects/spaceshare-244fe/adminSdkConfig [none]
[debug] [2023-07-14T20:04:23.165Z] <<< [apiv2][status] GET https://firebase.googleapis.com/v1beta1/projects/spaceshare-244fe/adminSdkConfig 200
[debug] [2023-07-14T20:04:23.165Z] <<< [apiv2][body] GET https://firebase.googleapis.com/v1beta1/projects/spaceshare-244fe/adminSdkConfig {"projectId":"spaceshare-244fe","databaseURL":"https://spaceshare-244fe-default-rtdb.firebaseio.com","storageBucket":"spaceshare-244fe.appspot.com","locationId":"us-central"}
[debug] [2023-07-14T20:04:23.173Z] [functions] Watching "C:\Users\fzhim\Documents\workspace\SpaceShare\functions" for Cloud Functions...
[debug] [2023-07-14T20:04:23.177Z] Validating nodejs source
[debug] [2023-07-14T20:04:24.434Z] > [functions] package.json contents: {
  "name": "functions",
  "description": "Cloud Functions for Firebase",
  "scripts": {
    "serve": "firebase emulators:start --only functions",
    "shell": "firebase functions:shell",
    "start": "npm run shell",
    "deploy": "firebase deploy --only functions",
    "logs": "firebase functions:log"
  },
  "engines": {
    "node": "18"
  },
  "main": "index.js",
  "dependencies": {
    "firebase-admin": "^11.8.0",
    "firebase-functions": "^4.3.1"
  },
  "devDependencies": {
    "firebase-functions-test": "^3.1.0"
  },
  "private": true
}
[debug] [2023-07-14T20:04:24.434Z] Building nodejs source
[debug] [2023-07-14T20:04:24.435Z] Failed to find version of module node: reached end of search path C:\Users\fzhim\Documents\workspace\SpaceShare\functions\node_modules
[info] +  functions: Using node@18 from host. 
[debug] [2023-07-14T20:04:24.437Z] Could not find functions.yaml. Must use http discovery
[debug] [2023-07-14T20:04:24.443Z] Found firebase-functions binary at 'C:\Users\fzhim\Documents\workspace\SpaceShare\functions\node_modules\.bin\firebase-functions'
[info] Serving at port 8526

[debug] [2023-07-14T20:04:24.847Z] Got response from /__/functions.yaml {"endpoints":{"checkUpcomingReservations":{"platform":"gcfv1","availableMemoryMb":null,"timeoutSeconds":null,"minInstances":null,"maxInstances":null,"ingressSettings":null,"serviceAccountEmail":null,"vpc":null,"scheduleTrigger":{"schedule":"every day 00:00","retryConfig":{"retryCount":null,"maxDoublings":null,"maxRetryDuration":null,"maxBackoffDuration":null,"minBackoffDuration":null},"timeZone":"EST"},"labels":{},"entryPoint":"checkUpcomingReservations"}},"specVersion":"v1alpha1","requiredAPIs":[{"api":"cloudscheduler.googleapis.com","reason":"Needed for scheduled functions."}]}
[info] shutdown requested via /__/quitquitquit

[debug] [2023-07-14T20:04:24.863Z] [functions] Loaded functions definitions from source: checkUpcomingReservations.
[debug] [2023-07-14T20:04:24.863Z] [functions[us-central1-checkUpcomingReservations]] function ignored because the pubsub emulator does not exist or is not running.
[info] i  functions: Loaded functions: checkUpcomingReservations 
[warn] !  functions: The following emulators are not running, calls to these services will affect production: firestore, database, pubsub, storage, eventarc 
[debug] [2023-07-14T20:04:26.422Z] shell:checkUpcomingReservations: trigger={"entryPoint":"checkUpcomingReservations","platform":"gcfv1","region":"us-central1","name":"checkUpcomingReservations","id":"us-central1-checkUpcomingReservations","codebase":"default","availableMemoryMb":256,"labels":{"EVENTARC_CLOUD_EVENT_SOURCE":"cloudfunctions-emulated.googleapis.com/projects/spaceshare-244fe/locations/us-central1/functions/checkUpcomingReservations"},"timeoutSeconds":60,"secretEnvironmentVariables":[],"eventTrigger":{"eventType":"pubsub","resource":""},"schedule":{"schedule":"every day 00:00","timeZone":"EST","retryConfig":{"maxBackoffSeconds":null,"minBackoffSeconds":null,"maxRetrySeconds":null,"retryCount":null,"maxDoublings":null}}}
[debug] [2023-07-14T20:04:26.422Z] shell:checkUpcomingReservations: opts={}, data={}
[debug] [2023-07-14T20:04:26.432Z] DEBUG: [worker-pool] addWorker(us-central1-checkUpcomingReservations)
[debug] [2023-07-14T20:04:26.433Z] DEBUG: [worker-pool] Adding worker with key us-central1-checkUpcomingReservations, total=1
[debug] [2023-07-14T20:04:27.445Z] DEBUG: [runtime-status] [37436] Resolved module firebase-admin {"declared":true,"installed":true,"version":"11.10.1","resolution":"C:\\Users\\fzhim\\Documents\\workspace\\SpaceShare\\functions\\node_modules\\firebase-admin\\lib\\index.js"}
[debug] [2023-07-14T20:04:27.446Z] DEBUG: [runtime-status] [37436] Resolved module firebase-functions {"declared":true,"installed":true,"version":"4.4.1","resolution":"C:\\Users\\fzhim\\Documents\\workspace\\SpaceShare\\functions\\node_modules\\firebase-functions\\lib\\v1\\index.js"}
[debug] [2023-07-14T20:04:27.446Z] DEBUG: [runtime-status] [37436] Outgoing network have been stubbed. [{"name":"http","status":"mocked"},{"name":"http","status":"mocked"},{"name":"https","status":"mocked"},{"name":"https","status":"mocked"},{"name":"net","status":"mocked"}]
[debug] [2023-07-14T20:04:27.447Z] DEBUG: [runtime-status] [37436] Resolved module firebase-functions {"declared":true,"installed":true,"version":"4.4.1","resolution":"C:\\Users\\fzhim\\Documents\\workspace\\SpaceShare\\functions\\node_modules\\firebase-functions\\lib\\v1\\index.js"}
[debug] [2023-07-14T20:04:27.671Z] DEBUG: [runtime-status] [37436] Checked functions.config() {"config":{}}
[debug] [2023-07-14T20:04:27.671Z] DEBUG: [runtime-status] [37436] firebase-functions has been stubbed. {"functionsResolution":{"declared":true,"installed":true,"version":"4.4.1","resolution":"C:\\Users\\fzhim\\Documents\\workspace\\SpaceShare\\functions\\node_modules\\firebase-functions\\lib\\v1\\index.js"}}
[debug] [2023-07-14T20:04:27.679Z] DEBUG: [runtime-status] [37436] Resolved module firebase-functions {"declared":true,"installed":true,"version":"4.4.1","resolution":"C:\\Users\\fzhim\\Documents\\workspace\\SpaceShare\\functions\\node_modules\\firebase-functions\\lib\\v1\\index.js"}
[debug] [2023-07-14T20:04:27.679Z] DEBUG: [runtime-status] [37436] Resolved module firebase-admin {"declared":true,"installed":true,"version":"11.10.1","resolution":"C:\\Users\\fzhim\\Documents\\workspace\\SpaceShare\\functions\\node_modules\\firebase-admin\\lib\\index.js"}
[debug] [2023-07-14T20:04:27.680Z] DEBUG: [runtime-status] [37436] Resolved module firebase-functions {"declared":true,"installed":true,"version":"4.4.1","resolution":"C:\\Users\\fzhim\\Documents\\workspace\\SpaceShare\\functions\\node_modules\\firebase-functions\\lib\\v1\\index.js"}
[debug] [2023-07-14T20:04:27.680Z] DEBUG: [runtime-status] [37436] firebase-admin has been stubbed. {"adminResolution":{"declared":true,"installed":true,"version":"11.10.1","resolution":"C:\\Users\\fzhim\\Documents\\workspace\\SpaceShare\\functions\\node_modules\\firebase-admin\\lib\\index.js"}}
[debug] [2023-07-14T20:04:27.680Z] DEBUG: [runtime-status] [37436] initializeApp(DEFAULT) {"storageBucket":"spaceshare-244fe.appspot.com","databaseURL":"https://spaceshare-244fe-default-rtdb.firebaseio.com","projectId":"spaceshare-244fe"}
[debug] [2023-07-14T20:04:27.689Z] DEBUG: [runtime-status] [37436] Functions runtime initialized. {"cwd":"C:\\Users\\fzhim\\Documents\\workspace\\SpaceShare\\functions","node_version":"18.16.1"}
[debug] [2023-07-14T20:04:27.689Z] DEBUG: [runtime-status] [37436] Listening to port: \\?\pipe\fire_emu_1a8dd869629fe9d2
[debug] [2023-07-14T20:04:27.739Z] DEBUG: [worker-us-central1-checkUpcomingReservations-a7be26d8-0528-4c13-9ba4-82810cb7f1b9]: IDLE
[debug] [2023-07-14T20:04:27.750Z] DEBUG: [runtime-status] [37436] RunBackground {"data":{},"context":{"eventId":"c674aa97-e94d-448b-ade2-45b3a56ec417","timestamp":"2023-07-14T20:04:26.423Z","eventType":"pubsub"}}
[warn] !  functions: The Cloud Firestore emulator is not running, so calls to Firestore will affect production. {"metadata":{"emulator":{"name":"functions"},"function":{"name":"us-central1-checkUpcomingReservations"},"extension":{},"message":"The Cloud Firestore emulator is not running, so calls to Firestore will affect production."}}
[warn] !  Google API requested!
   - URL: "https://oauth2.googleapis.com/token"
   - Be careful, this may be a production service. {"metadata":{"emulator":{"name":"functions"},"function":{"name":"us-central1-checkUpcomingReservations"},"extension":{},"message":"Google API requested!\n   - URL: \"https://oauth2.googleapis.com/token\"\n   - Be careful, this may be a production service."}}
[info] >  Scheduled job completed successfully {"user":"Scheduled job completed successfully","metadata":{"emulator":{"name":"functions"},"function":{"name":"us-central1-checkUpcomingReservations"},"extension":{},"message":"\u001b[90m> \u001b[39m Scheduled job completed successfully"}}
[debug] [2023-07-14T20:05:02.541Z] shell:checkUpcomingReservations: trigger={"entryPoint":"checkUpcomingReservations","platform":"gcfv1","region":"us-central1","name":"checkUpcomingReservations","id":"us-central1-checkUpcomingReservations","codebase":"default","availableMemoryMb":256,"labels":{"EVENTARC_CLOUD_EVENT_SOURCE":"cloudfunctions-emulated.googleapis.com/projects/spaceshare-244fe/locations/us-central1/functions/checkUpcomingReservations"},"timeoutSeconds":60,"secretEnvironmentVariables":[],"eventTrigger":{"eventType":"pubsub","resource":""},"schedule":{"schedule":"every day 00:00","timeZone":"EST","retryConfig":{"maxBackoffSeconds":null,"minBackoffSeconds":null,"maxRetrySeconds":null,"retryCount":null,"maxDoublings":null}}}
[debug] [2023-07-14T20:05:02.542Z] shell:checkUpcomingReservations: opts={}, data={}
[debug] [2023-07-14T20:05:02.545Z] DEBUG: [runtime-status] [37436] RunBackground {"data":{},"context":{"eventId":"4f45b11b-c419-4e44-b77a-8e6d86ecbfeb","timestamp":"2023-07-14T20:05:02.542Z","eventType":"pubsub"}}
[info] >  YKlnz6FFoTWfzpiPkIFg3dReIgt2 {"user":"YKlnz6FFoTWfzpiPkIFg3dReIgt2","metadata":{"emulator":{"name":"functions"},"function":{"name":"us-central1-checkUpcomingReservations"},"extension":{},"message":"\u001b[90m> \u001b[39m YKlnz6FFoTWfzpiPkIFg3dReIgt2"}}
[info] >  4JCHkvhfpNaJFjD29TuFFk7tpBO2 {"user":"4JCHkvhfpNaJFjD29TuFFk7tpBO2","metadata":{"emulator":{"name":"functions"},"function":{"name":"us-central1-checkUpcomingReservations"},"extension":{},"message":"\u001b[90m> \u001b[39m 4JCHkvhfpNaJFjD29TuFFk7tpBO2"}}
[info] >  Scheduled job completed successfully {"user":"Scheduled job completed successfully","metadata":{"emulator":{"name":"functions"},"function":{"name":"us-central1-checkUpcomingReservations"},"extension":{},"message":"\u001b[90m> \u001b[39m Scheduled job completed successfully"}}
[info] >  { {"user":"{","metadata":{"emulator":{"name":"functions"},"function":{"name":"us-central1-checkUpcomingReservations"},"extension":{},"message":"\u001b[90m> \u001b[39m {"}}
[info] >    firstName: 'Minn', {"user":"  firstName: 'Minn',","metadata":{"emulator":{"name":"functions"},"function":{"name":"us-central1-checkUpcomingReservations"},"extension":{},"message":"\u001b[90m> \u001b[39m   firstName: 'Minn',"}}
[info] >    lastName: 'Fong', {"user":"  lastName: 'Fong',","metadata":{"emulator":{"name":"functions"},"function":{"name":"us-central1-checkUpcomingReservations"},"extension":{},"message":"\u001b[90m> \u001b[39m   lastName: 'Fong',"}}
[info] >    phoneNumber: '', {"user":"  phoneNumber: '',","metadata":{"emulator":{"name":"functions"},"function":{"name":"us-central1-checkUpcomingReservations"},"extension":{},"message":"\u001b[90m> \u001b[39m   phoneNumber: '',"}}
[info] >    photoPath: null, {"user":"  photoPath: null,","metadata":{"emulator":{"name":"functions"},"function":{"name":"us-central1-checkUpcomingReservations"},"extension":{},"message":"\u001b[90m> \u001b[39m   photoPath: null,"}}
[info] >    verified: false, {"user":"  verified: false,","metadata":{"emulator":{"name":"functions"},"function":{"name":"us-central1-checkUpcomingReservations"},"extension":{},"message":"\u001b[90m> \u001b[39m   verified: false,"}}
[info] >    id: 'YKlnz6FFoTWfzpiPkIFg3dReIgt2', {"user":"  id: 'YKlnz6FFoTWfzpiPkIFg3dReIgt2',","metadata":{"emulator":{"name":"functions"},"function":{"name":"us-central1-checkUpcomingReservations"},"extension":{},"message":"\u001b[90m> \u001b[39m   id: 'YKlnz6FFoTWfzpiPkIFg3dReIgt2',"}}
[info] >    fcmToken: 'e3zU0ZVeTB6aj-zvTiT9i5:APA91bHC3Re-bE2o79VRp7SvPPCQFdQqYwHTStUaYseS9WB5PbkxA8qu1Qee95helPkmCF5px41-EkPd9FV_v6dE4HnvI38RTVBvZOsVm1uDJlXSTnxmeA1PNm4S5O50rOOn2cVcTLDF' {"user":"  fcmToken: 'e3zU0ZVeTB6aj-zvTiT9i5:APA91bHC3Re-bE2o79VRp7SvPPCQFdQqYwHTStUaYseS9WB5PbkxA8qu1Qee95helPkmCF5px41-EkPd9FV_v6dE4HnvI38RTVBvZOsVm1uDJlXSTnxmeA1PNm4S5O50rOOn2cVcTLDF'","metadata":{"emulator":{"name":"functions"},"function":{"name":"us-central1-checkUpcomingReservations"},"extension":{},"message":"\u001b[90m> \u001b[39m   fcmToken: 'e3zU0ZVeTB6aj-zvTiT9i5:APA91bHC3Re-bE2o79VRp7SvPPCQFdQqYwHTStUaYseS9WB5PbkxA8qu1Qee95helPkmCF5px41-EkPd9FV_v6dE4HnvI38RTVBvZOsVm1uDJlXSTnxmeA1PNm4S5O50rOOn2cVcTLDF'"}}
[info] >  } {"user":"}","metadata":{"emulator":{"name":"functions"},"function":{"name":"us-central1-checkUpcomingReservations"},"extension":{},"message":"\u001b[90m> \u001b[39m }"}}
[info] >  { {"user":"{","metadata":{"emulator":{"name":"functions"},"function":{"name":"us-central1-checkUpcomingReservations"},"extension":{},"message":"\u001b[90m> \u001b[39m {"}}
[info] >    firstName: 'Binn', {"user":"  firstName: 'Binn',","metadata":{"emulator":{"name":"functions"},"function":{"name":"us-central1-checkUpcomingReservations"},"extension":{},"message":"\u001b[90m> \u001b[39m   firstName: 'Binn',"}}
[info] >    lastName: 'Minn', {"user":"  lastName: 'Minn',","metadata":{"emulator":{"name":"functions"},"function":{"name":"us-central1-checkUpcomingReservations"},"extension":{},"message":"\u001b[90m> \u001b[39m   lastName: 'Minn',"}}
[info] >    phoneNumber: '', {"user":"  phoneNumber: '',","metadata":{"emulator":{"name":"functions"},"function":{"name":"us-central1-checkUpcomingReservations"},"extension":{},"message":"\u001b[90m> \u001b[39m   phoneNumber: '',"}}
[info] >    photoPath: null, {"user":"  photoPath: null,","metadata":{"emulator":{"name":"functions"},"function":{"name":"us-central1-checkUpcomingReservations"},"extension":{},"message":"\u001b[90m> \u001b[39m   photoPath: null,"}}
[info] >    verified: false, {"user":"  verified: false,","metadata":{"emulator":{"name":"functions"},"function":{"name":"us-central1-checkUpcomingReservations"},"extension":{},"message":"\u001b[90m> \u001b[39m   verified: false,"}}
[info] >    id: '4JCHkvhfpNaJFjD29TuFFk7tpBO2', {"user":"  id: '4JCHkvhfpNaJFjD29TuFFk7tpBO2',","metadata":{"emulator":{"name":"functions"},"function":{"name":"us-central1-checkUpcomingReservations"},"extension":{},"message":"\u001b[90m> \u001b[39m   id: '4JCHkvhfpNaJFjD29TuFFk7tpBO2',"}}
[info] >    fcmToken: 'e3zU0ZVeTB6aj-zvTiT9i5:APA91bHC3Re-bE2o79VRp7SvPPCQFdQqYwHTStUaYseS9WB5PbkxA8qu1Qee95helPkmCF5px41-EkPd9FV_v6dE4HnvI38RTVBvZOsVm1uDJlXSTnxmeA1PNm4S5O50rOOn2cVcTLDF' {"user":"  fcmToken: 'e3zU0ZVeTB6aj-zvTiT9i5:APA91bHC3Re-bE2o79VRp7SvPPCQFdQqYwHTStUaYseS9WB5PbkxA8qu1Qee95helPkmCF5px41-EkPd9FV_v6dE4HnvI38RTVBvZOsVm1uDJlXSTnxmeA1PNm4S5O50rOOn2cVcTLDF'","metadata":{"emulator":{"name":"functions"},"function":{"name":"us-central1-checkUpcomingReservations"},"extension":{},"message":"\u001b[90m> \u001b[39m   fcmToken: 'e3zU0ZVeTB6aj-zvTiT9i5:APA91bHC3Re-bE2o79VRp7SvPPCQFdQqYwHTStUaYseS9WB5PbkxA8qu1Qee95helPkmCF5px41-EkPd9FV_v6dE4HnvI38RTVBvZOsVm1uDJlXSTnxmeA1PNm4S5O50rOOn2cVcTLDF'"}}
[info] >  } {"user":"}","metadata":{"emulator":{"name":"functions"},"function":{"name":"us-central1-checkUpcomingReservations"},"extension":{},"message":"\u001b[90m> \u001b[39m }"}}
[info] >  Notification sent successfully: projects/spaceshare-244fe/messages/0:1689365103105704%82146f2a82146f2a {"user":"Notification sent successfully: projects/spaceshare-244fe/messages/0:1689365103105704%82146f2a82146f2a","metadata":{"emulator":{"name":"functions"},"function":{"name":"us-central1-checkUpcomingReservations"},"extension":{},"message":"\u001b[90m> \u001b[39m Notification sent successfully: projects/spaceshare-244fe/messages/0:1689365103105704%82146f2a82146f2a"}}
[info] >  Notification sent successfully: projects/spaceshare-244fe/messages/0:1689365103149985%82146f2a82146f2a {"user":"Notification sent successfully: projects/spaceshare-244fe/messages/0:1689365103149985%82146f2a82146f2a","metadata":{"emulator":{"name":"functions"},"function":{"name":"us-central1-checkUpcomingReservations"},"extension":{},"message":"\u001b[90m> \u001b[39m Notification sent successfully: projects/spaceshare-244fe/messages/0:1689365103149985%82146f2a82146f2a"}}
